[debug] [2023-10-02T07:53:41.083Z] ----------------------------------------------------------------------
[debug] [2023-10-02T07:53:41.085Z] Command:       /home/dennis/.nvm/versions/node/v20.6.1/bin/node /home/dennis/.nvm/versions/node/v20.6.1/bin/firebase init
[debug] [2023-10-02T07:53:41.086Z] CLI Version:   12.6.1
[debug] [2023-10-02T07:53:41.086Z] Platform:      linux
[debug] [2023-10-02T07:53:41.087Z] Node Version:  v20.6.1
[debug] [2023-10-02T07:53:41.088Z] Time:          Mon Oct 02 2023 10:53:41 GMT+0300 (East Africa Time)
[debug] [2023-10-02T07:53:41.089Z] ----------------------------------------------------------------------
[debug] 
[debug] [2023-10-02T07:53:41.096Z] >>> [apiv2][query] GET https://firebase-public.firebaseio.com/cli.json [none]
[debug] [2023-10-02T07:53:41.155Z] > command requires scopes: ["email","openid","https://www.googleapis.com/auth/cloudplatformprojects.readonly","https://www.googleapis.com/auth/firebase","https://www.googleapis.com/auth/cloud-platform"]
[debug] [2023-10-02T07:53:41.155Z] > authorizing via signed-in user (edenismacharia7@gmail.com)
[info] 
     ######## #### ########  ######## ########     ###     ######  ########
     ##        ##  ##     ## ##       ##     ##  ##   ##  ##       ##
     ######    ##  ########  ######   ########  #########  ######  ######
     ##        ##  ##    ##  ##       ##     ## ##     ##       ## ##
     ##       #### ##     ## ######## ########  ##     ##  ######  ########

You're about to initialize a Firebase project in this directory:

  /home/dennis/v_project

[debug] [2023-10-02T07:53:41.702Z] <<< [apiv2][status] GET https://firebase-public.firebaseio.com/cli.json 200
[debug] [2023-10-02T07:53:41.703Z] <<< [apiv2][body] GET https://firebase-public.firebaseio.com/cli.json {"cloudBuildErrorAfter":1594252800000,"cloudBuildWarnAfter":1590019200000,"defaultNode10After":1594252800000,"minVersion":"3.0.5","node8DeploysDisabledAfter":1613390400000,"node8RuntimeDisabledAfter":1615809600000,"node8WarnAfter":1600128000000}
[info] 
=== Project Setup
[info] 
[info] First, let's associate this project directory with a Firebase project.
[info] You can create multiple project aliases by running firebase use --add, 
[info] but for now we'll just set up a default project.
[info] 
[debug] [2023-10-02T07:56:47.054Z] > refreshing access token with scopes: []
[debug] [2023-10-02T07:56:47.057Z] >>> [apiv2][query] POST https://www.googleapis.com/oauth2/v3/token [none]
[debug] [2023-10-02T07:56:47.057Z] >>> [apiv2][body] POST https://www.googleapis.com/oauth2/v3/token [omitted]
[debug] [2023-10-02T07:56:47.404Z] <<< [apiv2][status] POST https://www.googleapis.com/oauth2/v3/token 200
[debug] [2023-10-02T07:56:47.404Z] <<< [apiv2][body] POST https://www.googleapis.com/oauth2/v3/token [omitted]
[debug] [2023-10-02T07:56:47.419Z] >>> [apiv2][query] GET https://firebase.googleapis.com/v1beta1/projects pageSize=100
[debug] [2023-10-02T07:56:48.658Z] <<< [apiv2][status] GET https://firebase.googleapis.com/v1beta1/projects 200
[debug] [2023-10-02T07:56:48.659Z] <<< [apiv2][body] GET https://firebase.googleapis.com/v1beta1/projects [omitted]
[info] i  Using project vproj-ed4de (vproj) 
[info] 
=== Hosting Setup
[info] 
[info] Your public directory is the folder (relative to your project directory) that
[info] will contain Hosting assets to be uploaded with firebase deploy. If you
[info] have a build process for your assets, use your build's output directory.
[info] 
[info] ✔  Wrote public/404.html 
[debug] [2023-10-02T07:59:17.631Z] >>> [apiv2][query] GET https://www.gstatic.com/firebasejs/releases.json [none]
[debug] [2023-10-02T07:59:18.060Z] <<< [apiv2][status] GET https://www.gstatic.com/firebasejs/releases.json 200
[debug] [2023-10-02T07:59:18.060Z] <<< [apiv2][body] GET https://www.gstatic.com/firebasejs/releases.json {"current":{"version":"10.4.0","browserURL":"https://www.gstatic.com/firebasejs/10.4.0/firebase.js","packageURL":"https://www.gstatic.com/firebasejs/10.4.0/firebase.tgz"},"live":{"version":"10.4","browserURL":"https://www.gstatic.com/firebasejs/live/10.4/firebase.js","packageURL":"https://www.gstatic.com/firebasejs/live/10.4/firebase.tgz"},"components":{"analytics":"https://www.gstatic.com/firebasejs/10.4.0/firebase-analytics.js","app":"https://www.gstatic.com/firebasejs/10.4.0/firebase-app.js","app-check":"https://www.gstatic.com/firebasejs/10.4.0/firebase-app-check.js","auth":"https://www.gstatic.com/firebasejs/10.4.0/firebase-auth.js","auth/cordova":"https://www.gstatic.com/firebasejs/10.4.0/firebase-auth/cordova.js","functions":"https://www.gstatic.com/firebasejs/10.4.0/firebase-functions.js","firestore":"https://www.gstatic.com/firebasejs/10.4.0/firebase-firestore.js","firestore/lite":"https://www.gstatic.com/firebasejs/10.4.0/firebase-firestore/lite.js","installations":"https://www.gstatic.com/firebasejs/10.4.0/firebase-installations.js","storage":"https://www.gstatic.com/firebasejs/10.4.0/firebase-storage.js","performance":"https://www.gstatic.com/firebasejs/10.4.0/firebase-performance.js","remote-config":"https://www.gstatic.com/firebasejs/10.4.0/firebase-remote-config.js","messaging":"https://www.gstatic.com/firebasejs/10.4.0/firebase-messaging.js","messaging/sw":"https://www.gstatic.com/firebasejs/10.4.0/firebase-messaging/sw.js","database":"https://www.gstatic.com/firebasejs/10.4.0/firebase-database.js","firestore.memory":"https://www.gstatic.com/firebasejs/10.4.0/firebase-firestore.memory.js"}}
[info] i  Skipping write of public/index.html 
[info] 
[info] i  Detected a .git folder at /home/dennis 
[info] i  Authorizing with GitHub to upload your service account to a GitHub repository's secrets store. 
[info] 
[info] Visit this URL on this device to log in:
[info] https://github.com/login/oauth/authorize?client_id=89cf50f02ac6aaed3484&state=219987387&redirect_uri=http%3A%2F%2Flocalhost%3A9005&scope=read%3Auser%20repo%20public_repo
[info] 
[info] Waiting for authentication...
[debug] [2023-10-02T08:05:45.313Z] >>> [apiv2][query] POST https://github.com/login/oauth/access_token [none]
[debug] [2023-10-02T08:05:45.313Z] >>> [apiv2][body] POST https://github.com/login/oauth/access_token [stream]
[debug] [2023-10-02T08:05:50.323Z] <<< [apiv2][status] POST https://github.com/login/oauth/access_token 200
[debug] [2023-10-02T08:05:50.324Z] <<< [apiv2][body] POST https://github.com/login/oauth/access_token {"access_token":"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","token_type":"bearer","scope":"read:user,repo"}
[debug] [2023-10-02T08:05:50.333Z] >>> [apiv2][query] GET https://api.github.com/user [none]
[debug] [2023-10-02T08:05:51.686Z] <<< [apiv2][status] GET https://api.github.com/user 200
[debug] [2023-10-02T08:05:51.686Z] <<< [apiv2][body] GET https://api.github.com/user {"login":"dennis289","id":113549311,"node_id":"U_kgDOBsSf_w","avatar_url":"https://avatars.githubusercontent.com/u/113549311?v=4","gravatar_id":"","url":"https://api.github.com/users/dennis289","html_url":"https://github.com/dennis289","followers_url":"https://api.github.com/users/dennis289/followers","following_url":"https://api.github.com/users/dennis289/following{/other_user}","gists_url":"https://api.github.com/users/dennis289/gists{/gist_id}","starred_url":"https://api.github.com/users/dennis289/starred{/owner}{/repo}","subscriptions_url":"https://api.github.com/users/dennis289/subscriptions","organizations_url":"https://api.github.com/users/dennis289/orgs","repos_url":"https://api.github.com/users/dennis289/repos","events_url":"https://api.github.com/users/dennis289/events{/privacy}","received_events_url":"https://api.github.com/users/dennis289/received_events","type":"User","site_admin":false,"name":null,"company":null,"blog":"","location":null,"email":null,"hireable":null,"bio":null,"twitter_username":null,"public_repos":7,"public_gists":0,"followers":1,"following":1,"created_at":"2022-09-14T18:19:32Z","updated_at":"2023-10-02T08:03:45Z","private_gists":0,"total_private_repos":2,"owned_private_repos":2,"disk_usage":24,"collaborators":0,"two_factor_authentication":false,"plan":{"name":"free","space":976562499,"collaborators":0,"private_repos":10000}}
[info] 
[info] ✔  Success! Logged into GitHub as dennis289 
[info] 
